
startTime = 08/11/2024 16:37:11
===================SET UP=====================

Model: "sequential"
________________________________________________________________________________________________________________________
 Layer (type)                                         Output Shape                                    Param #           
========================================================================================================================
 conv2d (Conv2D)                                      (None, 10, 52, 16)                              256               
                                                                                                                        
 re_lu (ReLU)                                         (None, 10, 52, 16)                              0                 
                                                                                                                        
 max_pooling2d (MaxPooling2D)                         (None, 5, 11, 16)                               0                 
                                                                                                                        
 conv2d_1 (Conv2D)                                    (None, 5, 11, 32)                               7712              
                                                                                                                        
 re_lu_1 (ReLU)                                       (None, 5, 11, 32)                               0                 
                                                                                                                        
 max_pooling2d_1 (MaxPooling2D)                       (None, 3, 3, 32)                                0                 
                                                                                                                        
 flatten (Flatten)                                    (None, 288)                                     0                 
                                                                                                                        
 dense (Dense)                                        (None, 256)                                     73984             
                                                                                                                        
 dense_1 (Dense)                                      (None, 64)                                      16448             
                                                                                                                        
 dense_2 (Dense)                                      (None, 2)                                       130               
                                                                                                                        
========================================================================================================================
Total params: 98530 (384.88 KB)
Trainable params: 98530 (384.88 KB)
Non-trainable params: 0 (0.00 Byte)
________________________________________________________________________________________________________________________
xDim = 52
yDim = 10
yLim = 3
method = NSAGII
nGens = 20
popSize = 1600
nIter = 32000
gamma0 = 5.0
gamma1 = 10.0
gammaF = 100.0
Hamming Similarity: 0.9192307692307692
Jaccard Similarity: 0.6793893129770993
Dice Similarity: 0.8197596652102968
Earth Mover's Distance: 0.03242920841942308
==============================================
endTime = 08/11/2024 16:41:34
