
startTime = 22/11/2024 15:41:36
===================SET UP=====================

Model: "sequential"
________________________________________________________________________________________________________________________
 Layer (type)                                         Output Shape                                    Param #           
========================================================================================================================
 conv2d (Conv2D)                                      (None, 10, 52, 16)                              256               
                                                                                                                        
 re_lu (ReLU)                                         (None, 10, 52, 16)                              0                 
                                                                                                                        
 max_pooling2d (MaxPooling2D)                         (None, 5, 11, 16)                               0                 
                                                                                                                        
 conv2d_1 (Conv2D)                                    (None, 5, 11, 32)                               7712              
                                                                                                                        
 re_lu_1 (ReLU)                                       (None, 5, 11, 32)                               0                 
                                                                                                                        
 max_pooling2d_1 (MaxPooling2D)                       (None, 3, 3, 32)                                0                 
                                                                                                                        
 flatten (Flatten)                                    (None, 288)                                     0                 
                                                                                                                        
 dense (Dense)                                        (None, 256)                                     73984             
                                                                                                                        
 dropout (Dropout)                                    (None, 256)                                     0                 
                                                                                                                        
 dense_1 (Dense)                                      (None, 64)                                      16448             
                                                                                                                        
 dropout_1 (Dropout)                                  (None, 64)                                      0                 
                                                                                                                        
 dense_2 (Dense)                                      (None, 2)                                       130               
                                                                                                                        
========================================================================================================================
Total params: 98530 (384.88 KB)
Trainable params: 98530 (384.88 KB)
Non-trainable params: 0 (0.00 Byte)
________________________________________________________________________________________________________________________
xDim = 52
yDim = 10
yLim = 3
method = NSAGII
nGens = 40
popSize = 1600
nIter = 64000
gamma0 = 5.0
gamma1 = 10.0
gammaF = 100.0
Hamming Similarity: 0.8942307692307693
Jaccard Similarity: 0.5634920634920635
Dice Similarity: 0.7314429386867576
Earth Mover's Distance: 0.07665997765019227
==============================================
endTime = 22/11/2024 15:50:27
